
# 1186.3s user time, 1.8s system time, 24.37M rss, 198.33M vsz
# Current date: Fri Jan  9 19:38:57 2015
# Hostname: sg-wfc-mysql02
# Files: mysql-slow.logbak2
# Overall: 1.77M total, 15 unique, 518.45 QPS, 1.22x concurrency _________
# Time range: 2015-01-09 18:18:22 to 19:15:21
# Attribute          total     min     max     avg     95%  stddev  median
# ============     ======= ======= ======= ======= ======= ======= =======
# Exec time          4173s    17us     23s     2ms    49us    37ms    28us
# Lock time             1s       0    11ms       0       0    17us       0
# Rows sent        582.83M       0  88.21k  344.78    0.99   3.99k    0.99
# Rows examine       1.14G       0 233.53k  688.20       0   7.99k       0
# Query size        55.28M       8     320   32.70   28.75   32.21   28.75

# Profile
# Rank Query ID           Response time   Calls   R/Call  V/M   Item
# ==== ================== =============== ======= ======= ===== ==========
#    1 0x3AFECDB510DB448F 4066.5782 97.5%   22703  0.1791  0.25 SELECT FC_RISK_PREPAID_ACCOUNT_CHANGE_INFO
#    2 0x18EC0094FCA82DC0   59.2373  1.4% 1741210  0.0000  0.00 SELECT
#    3 0x8DABED12BE3B22C4   22.6733  0.5%       1 22.6733  0.00 SELECT FC_WITHDRAW_APPLY
#    4 0xEF5564509F77864D   10.1301  0.2%       1 10.1301  0.00 SELECT npe.tasks
#    5 0x8D8A29088F01070D    9.7735  0.2%       1  9.7735  0.00 SELECT FC_RISK_PREPAID_ACCOUNT_CHANGE_INFO
#    6 0xB5FC011A18FAA528    3.6963  0.1%       1  3.6963  0.00 SELECT fcpay.FC_RISK_PREPAID_ACCOUNT_CHANGE_INFO
#    7 0x95830B5167C7519D    0.2846  0.0%       4  0.0712  0.01 SELECT npe.tasks
#    8 0x16219655761820A2    0.2394  0.0%    7526  0.0000  0.00 SELECT
#    9 0xB66470C37CFD3F1C    0.1783  0.0%       1  0.1783  0.00 SELECT information_schema.tables
#   10 0x735F3CD1B0506E7F    0.1207  0.0%    1017  0.0001  0.00 SELECT FC_RISK_SORT_RULE
#   11 0xE3A3649C5FAC418D    0.0057  0.0%      93  0.0001  0.00 SELECT
#   12 0xFB38455BF7035609    0.0005  0.0%      11  0.0000  0.00 SELECT
#   13 0xF8DAC04E6F33E7B5    0.0002  0.0%       4  0.0001  0.00 SELECT
#   14 0xE2F7D83651089289    0.0002  0.0%       4  0.0001  0.00 SELECT
#   15 0x27C1A93386A7B769    0.0001  0.0%       1  0.0001  0.00 SELECT tasks

# Query 1: 7.04 QPS, 1.26x concurrency, ID 0x3AFECDB510DB448F at byte 2547340802
# This item is included in the report because it matches --limit.
# Scores: V/M = 0.25
# Time range: 2015-01-09 18:18:22 to 19:12:05
# Attribute    pct   total     min     max     avg     95%  stddev  median
# ============ === ======= ======= ======= ======= ======= ======= =======
# Count          1   22703
# Exec time     97   4067s     2ms      3s   179ms   580ms   213ms    95ms
# Lock time     96      1s    37us    11ms    62us    93us   139us    49us
# Rows sent     99 581.16M     482  88.21k  26.21k  79.83k  24.43k  15.96k
# Rows examine  99   1.14G     964 176.41k  52.43k 158.07k  48.83k  31.59k
# Query size    12   6.93M     320     320     320     320       0     320
# String:
# Databases    fcpay
# Hosts        10.2.30.203
# Users        wfcusr
# Query_time distribution
#   1us
#  10us
# 100us
#   1ms  #######
#  10ms  ########################################################
# 100ms  ################################################################
#    1s  #
#  10s+
# Tables
#    SHOW TABLE STATUS FROM `fcpay` LIKE 'FC_RISK_PREPAID_ACCOUNT_CHANGE_INFO'\G
#    SHOW CREATE TABLE `fcpay`.`FC_RISK_PREPAID_ACCOUNT_CHANGE_INFO`\G
# EXPLAIN /*!50100 PARTITIONS*/
SELECT PREPAID_ACCOUNT_CHANGE_INFO_ID, BUSINESS_ID, ACCOUNT_CHANGE_ID, ACCOUNT_CHANGE_TIME, ACCOUNT_CHANGE_TYPE, ACCOUNT_CHANGE_AMOUNT, AVAILABLE_AMOUNT, IP_ADDRESS, ACCOUNT_NO_REMARK, LOAD_TYPE, REMARK, CUSTOMER_NAME, RECORD_DATA
FROM FC_RISK_PREPAID_ACCOUNT_CHANGE_INFO
ORDER BY ACCOUNT_CHANGE_TIME  limit 0,2147483647\G

# Query 2: 536.58 QPS, 0.02x concurrency, ID 0x18EC0094FCA82DC0 at byte 2331047364
# This item is included in the report because it matches --limit.
# Scores: V/M = 0.00
# Time range: 2015-01-09 18:18:22 to 19:12:27
# Attribute    pct   total     min     max     avg     95%  stddev  median
# ============ === ======= ======= ======= ======= ======= ======= =======
# Count         98 1741210
# Exec time      1     59s    17us    36ms    34us    44us    92us    28us
# Lock time      0       0       0       0       0       0       0       0
# Rows sent      0   1.66M       1       1       1       1       0       1
# Rows examine   0       0       0       0       0       0       0       0
# Query size    87  48.16M      29      29      29      29       0      29
# String:
# Databases    fcpay
# Hosts        10.2.30.203
# Users        wfcusr
# Query_time distribution
#   1us
#  10us  ################################################################
# 100us  #
#   1ms  #
#  10ms  #
# 100ms
#    1s
#  10s+
# EXPLAIN /*!50100 PARTITIONS*/
select @@session.tx_read_only\G

# Query 3: 0 QPS, 0x concurrency, ID 0x8DABED12BE3B22C4 at byte 1971179986
# This item is included in the report because it matches --limit.
# Scores: V/M = 0.00
# Time range: all events occurred at 2015-01-09 18:47:13
# Attribute    pct   total     min     max     avg     95%  stddev  median
# ============ === ======= ======= ======= ======= ======= ======= =======
# Count          0       1
# Exec time      0     23s     23s     23s     23s     23s       0     23s
# Lock time      0    39us    39us    39us    39us    39us       0    39us
# Rows sent      0   1.95k   1.95k   1.95k   1.95k   1.95k       0   1.95k
# Rows examine   0   1.95k   1.95k   1.95k   1.95k   1.95k       0   1.95k
# Query size     0      33      33      33      33      33       0      33
# String:
# Databases    fcpay
# Hosts        210.213.242.114
# Users        wfcusr
# Query_time distribution
#   1us
#  10us
# 100us
#   1ms
#  10ms
# 100ms
#    1s
#  10s+  ################################################################
# Tables
#    SHOW TABLE STATUS FROM `fcpay` LIKE 'FC_WITHDRAW_APPLY'\G
#    SHOW CREATE TABLE `fcpay`.`FC_WITHDRAW_APPLY`\G
# EXPLAIN /*!50100 PARTITIONS*/
select * from `FC_WITHDRAW_APPLY`\G

# Query 4: 0 QPS, 0x concurrency, ID 0xEF5564509F77864D at byte 2642050559
# This item is included in the report because it matches --limit.
# Scores: V/M = 0.00
# Time range: all events occurred at 2015-01-09 19:15:09
# Attribute    pct   total     min     max     avg     95%  stddev  median
# ============ === ======= ======= ======= ======= ======= ======= =======
# Count          0       1
# Exec time      0     10s     10s     10s     10s     10s       0     10s
# Lock time      0   100us   100us   100us   100us   100us       0   100us
# Rows sent      0    1000    1000    1000    1000    1000       0    1000
# Rows examine   0    1000    1000    1000    1000    1000       0    1000
# Query size     0      37      37      37      37      37       0      37
# String:
# Databases    npe
# Hosts        210.213.242.114
# Users        wfcusr
# Query_time distribution
#   1us
#  10us
# 100us
#   1ms
#  10ms
# 100ms
#    1s
#  10s+  ################################################################
# Tables
#    SHOW TABLE STATUS FROM `npe` LIKE 'tasks'\G
#    SHOW CREATE TABLE `npe`.`tasks`\G
# EXPLAIN /*!50100 PARTITIONS*/
SELECT * FROM npe.tasks
LIMIT 0, 1000\G

# Query 5: 0 QPS, 0x concurrency, ID 0x8D8A29088F01070D at byte 2009046427
# This item is included in the report because it matches --limit.
# Scores: V/M = 0.00
# Time range: all events occurred at 2015-01-09 18:48:12
# Attribute    pct   total     min     max     avg     95%  stddev  median
# ============ === ======= ======= ======= ======= ======= ======= =======
# Count          0       1
# Exec time      0     10s     10s     10s     10s     10s       0     10s
# Lock time      0    49us    49us    49us    49us    49us       0    49us
# Rows sent      0   1.95k   1.95k   1.95k   1.95k   1.95k       0   1.95k
# Rows examine   0   1.95k   1.95k   1.95k   1.95k   1.95k       0   1.95k
# Query size     0      51      51      51      51      51       0      51
# String:
# Databases    fcpay
# Hosts        210.213.242.114
# Users        wfcusr
# Query_time distribution
#   1us
#  10us
# 100us
#   1ms
#  10ms
# 100ms
#    1s  ################################################################
#  10s+
# Tables
#    SHOW TABLE STATUS FROM `fcpay` LIKE 'FC_RISK_PREPAID_ACCOUNT_CHANGE_INFO'\G
#    SHOW CREATE TABLE `fcpay`.`FC_RISK_PREPAID_ACCOUNT_CHANGE_INFO`\G
# EXPLAIN /*!50100 PARTITIONS*/
select * from `FC_RISK_PREPAID_ACCOUNT_CHANGE_INFO`\G

# Query 6: 0 QPS, 0x concurrency, ID 0xB5FC011A18FAA528 at byte 2027538978
# This item is included in the report because it matches --limit.
# Scores: V/M = 0.00
# Time range: all events occurred at 2015-01-09 18:48:42
# Attribute    pct   total     min     max     avg     95%  stddev  median
# ============ === ======= ======= ======= ======= ======= ======= =======
# Count          0       1
# Exec time      0      4s      4s      4s      4s      4s       0      4s
# Lock time      0    73us    73us    73us    73us    73us       0    73us
# Rows sent      0    1000    1000    1000    1000    1000       0    1000
# Rows examine   0    1000    1000    1000    1000    1000       0    1000
# Query size     0      69      69      69      69      69       0      69
# String:
# Databases    fcpay
# Hosts        210.213.242.114
# Users        wfcusr
# Query_time distribution
#   1us
#  10us
# 100us
#   1ms
#  10ms
# 100ms
#    1s  ################################################################
#  10s+
# Tables
#    SHOW TABLE STATUS FROM `fcpay` LIKE 'FC_RISK_PREPAID_ACCOUNT_CHANGE_INFO'\G
#    SHOW CREATE TABLE `fcpay`.`FC_RISK_PREPAID_ACCOUNT_CHANGE_INFO`\G
# EXPLAIN /*!50100 PARTITIONS*/
SELECT * FROM fcpay.FC_RISK_PREPAID_ACCOUNT_CHANGE_INFO
LIMIT 0, 1000\G

# Query 7: 0.10 QPS, 0.01x concurrency, ID 0x95830B5167C7519D at byte 2306676533
# This item is included in the report because it matches --limit.
# Scores: V/M = 0.01
# Time range: 2015-01-09 18:56:53 to 18:57:35
# Attribute    pct   total     min     max     avg     95%  stddev  median
# ============ === ======= ======= ======= ======= ======= ======= =======
# Count          0       4
# Exec time      0   285ms    53ms   109ms    71ms   105ms    21ms    83ms
# Lock time      0   240us    44us    74us    60us    73us    11us    68us
# Rows sent      0       4       1       1       1       1       0       1
# Rows examine   0 931.78k 231.99k 233.53k 232.94k 222.42k       0 222.42k
# Query size     0     120      30      30      30      30       0      30
# String:
# Databases    fcpay
# Hosts        localhost
# Users        root
# Query_time distribution
#   1us
#  10us
# 100us
#   1ms
#  10ms  ################################################################
# 100ms  #####################
#    1s
#  10s+
# Tables
#    SHOW TABLE STATUS FROM `npe` LIKE 'tasks'\G
#    SHOW CREATE TABLE `npe`.`tasks`\G
# EXPLAIN /*!50100 PARTITIONS*/
select count(1) from npe.tasks\G

# Query 8: 2.20 QPS, 0.00x concurrency, ID 0x16219655761820A2 at byte 2613334605
# This item is included in the report because it matches --limit.
# Scores: V/M = 0.00
# Time range: 2015-01-09 18:18:22 to 19:15:21
# Attribute    pct   total     min     max     avg     95%  stddev  median
# ============ === ======= ======= ======= ======= ======= ======= =======
# Count          0    7526
# Exec time      0   239ms    19us   123us    31us    42us     9us    28us
# Lock time      0       0       0       0       0       0       0       0
# Rows sent      0   7.35k       1       1       1       1       0       1
# Rows examine   0       0       0       0       0       0       0       0
# Query size     0  58.80k       8       8       8       8       0       8
# String:
# Databases    npe
# Hosts        10.2.30.205
# Users        wfcusr
# Query_time distribution
#   1us
#  10us  ################################################################
# 100us  #
#   1ms
#  10ms
# 100ms
#    1s
#  10s+
# EXPLAIN /*!50100 PARTITIONS*/
SELECT 0\G

# Query 9: 0 QPS, 0x concurrency, ID 0xB66470C37CFD3F1C at byte 2289097528
# This item is included in the report because it matches --limit.
# Scores: V/M = 0.00
# Time range: all events occurred at 2015-01-09 18:56:20
# Attribute    pct   total     min     max     avg     95%  stddev  median
# ============ === ======= ======= ======= ======= ======= ======= =======
# Count          0       1
# Exec time      0   178ms   178ms   178ms   178ms   178ms       0   178ms
# Lock time      0    82us    82us    82us    82us    82us       0    82us
# Rows sent      0      44      44      44      44      44       0      44
# Rows examine   0     315     315     315     315     315       0     315
# Query size     0      98      98      98      98      98       0      98
# String:
# Databases    fcpay
# Hosts        localhost
# Users        root
# Query_time distribution
#   1us
#  10us
# 100us
#   1ms
#  10ms
# 100ms  ################################################################
#    1s
#  10s+
# Tables
#    SHOW TABLE STATUS FROM `information_schema` LIKE 'tables'\G
#    SHOW CREATE TABLE `information_schema`.`tables`\G
# EXPLAIN /*!50100 PARTITIONS*/
select TABLE_ROWS, TABLE_SCHEMA,TABLE_NAME from information_schema.tables group by TABLE_ROWS desc\G

# Query 10: 0.34 QPS, 0.00x concurrency, ID 0x735F3CD1B0506E7F at byte 2215324729
# This item is included in the report because it matches --limit.
# Scores: V/M = 0.00
# Time range: 2015-01-09 18:18:22 to 19:07:39
# Attribute    pct   total     min     max     avg     95%  stddev  median
# ============ === ======= ======= ======= ======= ======= ======= =======
# Count          0    1017
# Exec time      0   121ms    84us     5ms   118us   159us   157us    98us
# Lock time      3    49ms    34us   511us    48us    76us    27us    42us
# Rows sent      0   3.97k       4       4       4       4       0       4
# Rows examine   0   3.97k       4       4       4       4       0       4
# Query size     0 137.06k     138     138     138     138       0     138
# String:
# Databases    fcpay
# Hosts        10.2.30.203
# Users        wfcusr
# Query_time distribution
#   1us
#  10us  ###############################################
# 100us  ################################################################
#   1ms  #
#  10ms
# 100ms
#    1s
#  10s+
# Tables
#    SHOW TABLE STATUS FROM `fcpay` LIKE 'FC_RISK_SORT_RULE'\G
#    SHOW CREATE TABLE `fcpay`.`FC_RISK_SORT_RULE`\G
# EXPLAIN /*!50100 PARTITIONS*/
SELECT RULE_ID, RULE_TYPE, RULE_VALUE, WORK_CENTER, RULE_DESC, RULE_FLAG, OPERATE_TIME, OPERATOR
FROM FC_RISK_SORT_RULE limit 0,2147483647\G

# Query 11: 0.03 QPS, 0.00x concurrency, ID 0xE3A3649C5FAC418D at byte 2397998142
# This item is included in the report because it matches --limit.
# Scores: V/M = 0.00
# Time range: 2015-01-09 18:19:26 to 19:14:54
# Attribute    pct   total     min     max     avg     95%  stddev  median
# ============ === ======= ======= ======= ======= ======= ======= =======
# Count          0      93
# Exec time      0     6ms    34us   110us    61us    84us    18us    54us
# Lock time      0       0       0       0       0       0       0       0
# Rows sent      0      93       1       1       1       1       0       1
# Rows examine   0       0       0       0       0       0       0       0
# Query size     0   2.91k      32      32      32      32       0      32
# String:
# Databases    fcpay (67/72%), npe (26/27%)
# Hosts        127.0.0.1 (92/98%), localhost (1/1%)
# Users        root
# Query_time distribution
#   1us
#  10us  ################################################################
# 100us  ##
#   1ms
#  10ms
# 100ms
#    1s
#  10s+
# EXPLAIN /*!50100 PARTITIONS*/
select @@version_comment limit 1\G

# Query 12: 0.01 QPS, 0.00x concurrency, ID 0xFB38455BF7035609 at byte 1955056784
# This item is included in the report because it matches --limit.
# Scores: V/M = 0.00
# Time range: 2015-01-09 18:46:49 to 19:15:14
# Attribute    pct   total     min     max     avg     95%  stddev  median
# ============ === ======= ======= ======= ======= ======= ======= =======
# Count          0      11
# Exec time      0   527us    32us    83us    47us    63us    14us    42us
# Lock time      0       0       0       0       0       0       0       0
# Rows sent      0      11       1       1       1       1       0       1
# Rows examine   0       0       0       0       0       0       0       0
# Query size     0     187      17      17      17      17       0      17
# String:
# Databases    fcpay (7/63%), npe (4/36%)
# Hosts        210.213.242.114
# Users        wfcusr
# Query_time distribution
#   1us
#  10us  ################################################################
# 100us
#   1ms
#  10ms
# 100ms
#    1s
#  10s+
# EXPLAIN /*!50100 PARTITIONS*/
select database()\G

# Query 13: 0.00 QPS, 0.00x concurrency, ID 0xF8DAC04E6F33E7B5 at byte 2641543093
# This item is included in the report because it matches --limit.
# Scores: V/M = 0.00
# Time range: 2015-01-09 18:47:46 to 19:14:57
# Attribute    pct   total     min     max     avg     95%  stddev  median
# ============ === ======= ======= ======= ======= ======= ======= =======
# Count          0       4
# Exec time      0   240us    38us   103us    60us    98us    24us    76us
# Lock time      0       0       0       0       0       0       0       0
# Rows sent      0       4       1       1       1       1       0       1
# Rows examine   0       0       0       0       0       0       0       0
# Query size     0      88      22      22      22      22       0      22
# String:
# Databases    npe (3/75%), fcpay (1/25%)
# Hosts        210.213.242.114
# Users        wfcusr
# Query_time distribution
#   1us
#  10us  ################################################################
# 100us  #####################
#   1ms
#  10ms
# 100ms
#    1s
#  10s+
# EXPLAIN /*!50100 PARTITIONS*/
SELECT CONNECTION_ID()\G

# Query 14: 0.00 QPS, 0.00x concurrency, ID 0xE2F7D83651089289 at byte 2022706701
# This item is included in the report because it matches --limit.
# Scores: V/M = 0.00
# Time range: 2015-01-09 18:47:44 to 19:14:55
# Attribute    pct   total     min     max     avg     95%  stddev  median
# ============ === ======= ======= ======= ======= ======= ======= =======
# Count          0       4
# Exec time      0   205us    38us    78us    51us    76us    16us    62us
# Lock time      0       0       0       0       0       0       0       0
# Rows sent      0       4       1       1       1       1       0       1
# Rows examine   0       0       0       0       0       0       0       0
# Query size     0      84      21      21      21      21       0      21
# String:
# Databases    fcpay (3/75%), npe (1/25%)
# Hosts        210.213.242.114
# Users        wfcusr
# Query_time distribution
#   1us
#  10us  ################################################################
# 100us
#   1ms
#  10ms
# 100ms
#    1s
#  10s+
# EXPLAIN /*!50100 PARTITIONS*/
SELECT current_user()\G

# Query 15: 0 QPS, 0x concurrency, ID 0x27C1A93386A7B769 at byte 2297289029
# This item is included in the report because it matches --limit.
# Scores: V/M = 0.00
# Time range: all events occurred at 2015-01-09 18:56:35
# Attribute    pct   total     min     max     avg     95%  stddev  median
# ============ === ======= ======= ======= ======= ======= ======= =======
# Count          0       1
# Exec time      0    57us    57us    57us    57us    57us       0    57us
# Lock time      0       0       0       0       0       0       0       0
# Rows sent      0       0       0       0       0       0       0       0
# Rows examine   0       0       0       0       0       0       0       0
# Query size     0      26      26      26      26      26       0      26
# String:
# Databases    fcpay
# Hosts        localhost
# Users        root
# Query_time distribution
#   1us
#  10us  ################################################################
# 100us
#   1ms
#  10ms
# 100ms
#    1s
#  10s+
# Tables
#    SHOW TABLE STATUS FROM `fcpay` LIKE 'tasks'\G
#    SHOW CREATE TABLE `fcpay`.`tasks`\G
# EXPLAIN /*!50100 PARTITIONS*/
select count(1) from tasks\G
